<?xml version="1.0" encoding="UTF-8"?>
<!-- Generated by org.testng.reporters.JUnitReportReporter -->
<testsuite hostname="LAPTOP-OITPML0G" failures="0" tests="1" name="com.banking.app.test.TestClass" time="12.885" errors="0" timestamp="2021-12-31T09:36:44 IST" skipped="0">
  <testcase classname="com.banking.app.test.TestClass" name="firstTest" time="12.885"/>
  <system-out/>
</testsuite> <!-- com.banking.app.test.TestClass -->
