<?xml version="1.0" encoding="UTF-8"?>
<!-- Generated by org.testng.reporters.JUnitReportReporter -->
<testsuite skipped="0" hostname="LAPTOP-OITPML0G" name="com.banking.app.test.TestClass" tests="1" failures="0" timestamp="2021-12-31T09:52:45 IST" time="35.307" errors="0">
  <testcase name="firstTest" time="35.307" classname="com.banking.app.test.TestClass"/>
  <system-out/>
</testsuite> <!-- com.banking.app.test.TestClass -->
